mode: atomic
github.com/vbonduro/kitchinv/internal/db/db.go:22.40,24.16 2 2
github.com/vbonduro/kitchinv/internal/db/db.go:24.16,26.3 1 0
github.com/vbonduro/kitchinv/internal/db/db.go:27.2,27.42 1 2
github.com/vbonduro/kitchinv/internal/db/db.go:27.42,30.3 2 0
github.com/vbonduro/kitchinv/internal/db/db.go:31.2,31.16 1 2
github.com/vbonduro/kitchinv/internal/db/db.go:35.43,42.16 3 1
github.com/vbonduro/kitchinv/internal/db/db.go:42.16,44.3 1 0
github.com/vbonduro/kitchinv/internal/db/db.go:47.2,47.34 1 1
github.com/vbonduro/kitchinv/internal/db/db.go:47.34,49.3 1 0
github.com/vbonduro/kitchinv/internal/db/db.go:53.2,58.42 4 1
github.com/vbonduro/kitchinv/internal/db/db.go:58.42,59.38 1 0
github.com/vbonduro/kitchinv/internal/db/db.go:59.38,61.4 1 0
github.com/vbonduro/kitchinv/internal/db/db.go:62.3,62.62 1 0
github.com/vbonduro/kitchinv/internal/db/db.go:65.2,65.16 1 1
github.com/vbonduro/kitchinv/internal/db/db.go:72.53,75.16 3 28
github.com/vbonduro/kitchinv/internal/db/db.go:75.16,77.3 1 0
github.com/vbonduro/kitchinv/internal/db/db.go:78.2,78.15 1 28
github.com/vbonduro/kitchinv/internal/db/db.go:78.15,78.35 1 28
github.com/vbonduro/kitchinv/internal/db/db.go:79.2,79.78 1 28
github.com/vbonduro/kitchinv/internal/db/db.go:79.78,81.3 1 0
github.com/vbonduro/kitchinv/internal/db/db.go:82.2,82.57 1 28
github.com/vbonduro/kitchinv/internal/db/db.go:82.57,84.3 1 0
github.com/vbonduro/kitchinv/internal/db/db.go:85.2,86.12 2 28
github.com/vbonduro/kitchinv/internal/db/db.go:89.38,97.16 2 5
github.com/vbonduro/kitchinv/internal/db/db.go:97.16,99.3 1 0
github.com/vbonduro/kitchinv/internal/db/db.go:102.2,103.16 2 5
github.com/vbonduro/kitchinv/internal/db/db.go:103.16,105.3 1 0
github.com/vbonduro/kitchinv/internal/db/db.go:108.2,115.32 3 5
github.com/vbonduro/kitchinv/internal/db/db.go:115.32,116.20 1 70
github.com/vbonduro/kitchinv/internal/db/db.go:116.20,117.12 1 0
github.com/vbonduro/kitchinv/internal/db/db.go:120.3,123.21 3 70
github.com/vbonduro/kitchinv/internal/db/db.go:123.21,124.12 1 0
github.com/vbonduro/kitchinv/internal/db/db.go:127.3,128.65 2 70
github.com/vbonduro/kitchinv/internal/db/db.go:128.65,130.12 2 0
github.com/vbonduro/kitchinv/internal/db/db.go:135.3,136.53 2 70
github.com/vbonduro/kitchinv/internal/db/db.go:136.53,137.12 1 0
github.com/vbonduro/kitchinv/internal/db/db.go:140.3,140.48 1 70
github.com/vbonduro/kitchinv/internal/db/db.go:140.48,142.4 1 35
github.com/vbonduro/kitchinv/internal/db/db.go:144.3,144.11 1 70
github.com/vbonduro/kitchinv/internal/db/db.go:144.11,146.4 1 35
github.com/vbonduro/kitchinv/internal/db/db.go:147.3,147.34 1 70
github.com/vbonduro/kitchinv/internal/db/db.go:151.2,152.28 2 5
github.com/vbonduro/kitchinv/internal/db/db.go:152.28,154.3 1 35
github.com/vbonduro/kitchinv/internal/db/db.go:155.2,158.35 2 5
github.com/vbonduro/kitchinv/internal/db/db.go:158.35,160.14 2 35
github.com/vbonduro/kitchinv/internal/db/db.go:160.14,161.12 1 0
github.com/vbonduro/kitchinv/internal/db/db.go:165.3,167.17 3 35
github.com/vbonduro/kitchinv/internal/db/db.go:167.17,169.4 1 0
github.com/vbonduro/kitchinv/internal/db/db.go:171.3,171.18 1 35
github.com/vbonduro/kitchinv/internal/db/db.go:171.18,172.12 1 7
github.com/vbonduro/kitchinv/internal/db/db.go:176.3,177.17 2 28
github.com/vbonduro/kitchinv/internal/db/db.go:177.17,179.4 1 0
github.com/vbonduro/kitchinv/internal/db/db.go:181.3,181.57 1 28
github.com/vbonduro/kitchinv/internal/db/db.go:181.57,183.4 1 0
github.com/vbonduro/kitchinv/internal/db/db.go:186.3,186.99 1 28
github.com/vbonduro/kitchinv/internal/db/db.go:186.99,188.4 1 0
github.com/vbonduro/kitchinv/internal/db/db.go:191.2,191.12 1 5
