mode: atomic
github.com/vbonduro/kitchinv/cmd/benchmark/main.go:72.13,84.23 10 0
github.com/vbonduro/kitchinv/cmd/benchmark/main.go:84.23,87.3 2 0
github.com/vbonduro/kitchinv/cmd/benchmark/main.go:89.2,91.21 2 0
github.com/vbonduro/kitchinv/cmd/benchmark/main.go:91.21,92.29 1 0
github.com/vbonduro/kitchinv/cmd/benchmark/main.go:92.29,94.4 1 0
github.com/vbonduro/kitchinv/cmd/benchmark/main.go:95.3,96.9 2 0
github.com/vbonduro/kitchinv/cmd/benchmark/main.go:99.2,100.16 2 0
github.com/vbonduro/kitchinv/cmd/benchmark/main.go:100.16,102.3 1 0
github.com/vbonduro/kitchinv/cmd/benchmark/main.go:105.2,108.16 3 0
github.com/vbonduro/kitchinv/cmd/benchmark/main.go:108.16,110.3 1 0
github.com/vbonduro/kitchinv/cmd/benchmark/main.go:112.2,115.32 3 0
github.com/vbonduro/kitchinv/cmd/benchmark/main.go:115.32,116.21 1 0
github.com/vbonduro/kitchinv/cmd/benchmark/main.go:116.21,117.12 1 0
github.com/vbonduro/kitchinv/cmd/benchmark/main.go:119.3,122.17 3 0
github.com/vbonduro/kitchinv/cmd/benchmark/main.go:122.17,124.12 2 0
github.com/vbonduro/kitchinv/cmd/benchmark/main.go:127.3,131.36 3 0
github.com/vbonduro/kitchinv/cmd/benchmark/main.go:131.36,132.45 1 0
github.com/vbonduro/kitchinv/cmd/benchmark/main.go:132.45,134.11 2 0
github.com/vbonduro/kitchinv/cmd/benchmark/main.go:134.11,137.6 2 0
github.com/vbonduro/kitchinv/cmd/benchmark/main.go:141.3,141.20 1 0
github.com/vbonduro/kitchinv/cmd/benchmark/main.go:141.20,143.22 2 0
github.com/vbonduro/kitchinv/cmd/benchmark/main.go:143.22,145.13 2 0
github.com/vbonduro/kitchinv/cmd/benchmark/main.go:147.4,148.46 2 0
github.com/vbonduro/kitchinv/cmd/benchmark/main.go:148.46,150.5 1 0
github.com/vbonduro/kitchinv/cmd/benchmark/main.go:153.3,153.17 1 0
github.com/vbonduro/kitchinv/cmd/benchmark/main.go:153.17,155.12 2 0
github.com/vbonduro/kitchinv/cmd/benchmark/main.go:158.3,164.32 3 0
github.com/vbonduro/kitchinv/cmd/benchmark/main.go:167.2,167.23 1 0
github.com/vbonduro/kitchinv/cmd/benchmark/main.go:167.23,169.3 1 0
github.com/vbonduro/kitchinv/cmd/benchmark/main.go:171.2,171.21 1 0
github.com/vbonduro/kitchinv/cmd/benchmark/main.go:171.21,173.51 2 0
github.com/vbonduro/kitchinv/cmd/benchmark/main.go:173.51,175.4 1 0
github.com/vbonduro/kitchinv/cmd/benchmark/main.go:175.9,177.4 1 0
github.com/vbonduro/kitchinv/cmd/benchmark/main.go:180.2,181.34 2 0
github.com/vbonduro/kitchinv/cmd/benchmark/main.go:184.68,186.16 2 0
github.com/vbonduro/kitchinv/cmd/benchmark/main.go:186.16,188.3 1 0
github.com/vbonduro/kitchinv/cmd/benchmark/main.go:190.2,192.32 2 0
github.com/vbonduro/kitchinv/cmd/benchmark/main.go:192.32,193.21 1 0
github.com/vbonduro/kitchinv/cmd/benchmark/main.go:193.21,194.12 1 0
github.com/vbonduro/kitchinv/cmd/benchmark/main.go:196.3,198.17 3 0
github.com/vbonduro/kitchinv/cmd/benchmark/main.go:198.17,200.12 2 0
github.com/vbonduro/kitchinv/cmd/benchmark/main.go:203.3,205.17 3 0
github.com/vbonduro/kitchinv/cmd/benchmark/main.go:205.17,207.12 2 0
github.com/vbonduro/kitchinv/cmd/benchmark/main.go:209.3,210.61 2 0
github.com/vbonduro/kitchinv/cmd/benchmark/main.go:213.2,213.52 1 0
github.com/vbonduro/kitchinv/cmd/benchmark/main.go:213.52,215.3 1 0
github.com/vbonduro/kitchinv/cmd/benchmark/main.go:216.2,216.90 1 0
github.com/vbonduro/kitchinv/cmd/benchmark/main.go:219.49,221.16 2 0
github.com/vbonduro/kitchinv/cmd/benchmark/main.go:221.16,223.3 1 0
github.com/vbonduro/kitchinv/cmd/benchmark/main.go:224.2,225.53 2 0
github.com/vbonduro/kitchinv/cmd/benchmark/main.go:225.53,228.3 2 0
github.com/vbonduro/kitchinv/cmd/benchmark/main.go:229.2,230.14 2 0
github.com/vbonduro/kitchinv/cmd/benchmark/main.go:233.79,235.16 2 0
github.com/vbonduro/kitchinv/cmd/benchmark/main.go:235.16,237.3 1 0
github.com/vbonduro/kitchinv/cmd/benchmark/main.go:238.2,239.51 2 0
github.com/vbonduro/kitchinv/cmd/benchmark/main.go:239.51,241.3 1 0
github.com/vbonduro/kitchinv/cmd/benchmark/main.go:243.2,244.33 2 0
github.com/vbonduro/kitchinv/cmd/benchmark/main.go:244.33,248.3 3 0
github.com/vbonduro/kitchinv/cmd/benchmark/main.go:250.2,250.23 1 0
github.com/vbonduro/kitchinv/cmd/benchmark/main.go:250.23,252.3 1 0
github.com/vbonduro/kitchinv/cmd/benchmark/main.go:254.2,255.33 2 0
github.com/vbonduro/kitchinv/cmd/benchmark/main.go:258.48,260.16 2 0
github.com/vbonduro/kitchinv/cmd/benchmark/main.go:260.16,262.3 1 0
github.com/vbonduro/kitchinv/cmd/benchmark/main.go:263.2,263.15 1 0
github.com/vbonduro/kitchinv/cmd/benchmark/main.go:263.15,264.51 1 0
github.com/vbonduro/kitchinv/cmd/benchmark/main.go:264.51,266.4 1 0
github.com/vbonduro/kitchinv/cmd/benchmark/main.go:268.2,270.22 3 0
github.com/vbonduro/kitchinv/cmd/benchmark/main.go:273.51,274.13 1 0
github.com/vbonduro/kitchinv/cmd/benchmark/main.go:274.13,277.45 3 0
github.com/vbonduro/kitchinv/cmd/benchmark/main.go:277.45,279.4 1 0
github.com/vbonduro/kitchinv/cmd/benchmark/main.go:280.3,280.9 1 0
github.com/vbonduro/kitchinv/cmd/benchmark/main.go:282.2,282.23 1 0
github.com/vbonduro/kitchinv/cmd/benchmark/main.go:285.77,286.27 1 0
github.com/vbonduro/kitchinv/cmd/benchmark/main.go:287.16,288.29 1 0
github.com/vbonduro/kitchinv/cmd/benchmark/main.go:288.29,290.4 1 0
github.com/vbonduro/kitchinv/cmd/benchmark/main.go:291.3,291.97 1 0
github.com/vbonduro/kitchinv/cmd/benchmark/main.go:292.16,293.29 1 0
github.com/vbonduro/kitchinv/cmd/benchmark/main.go:293.29,295.4 1 0
github.com/vbonduro/kitchinv/cmd/benchmark/main.go:296.3,296.97 1 0
github.com/vbonduro/kitchinv/cmd/benchmark/main.go:297.10,298.95 1 0
github.com/vbonduro/kitchinv/cmd/benchmark/main.go:302.53,304.16 2 0
github.com/vbonduro/kitchinv/cmd/benchmark/main.go:304.16,307.3 1 0
github.com/vbonduro/kitchinv/cmd/benchmark/main.go:308.2,309.53 2 0
github.com/vbonduro/kitchinv/cmd/benchmark/main.go:309.53,312.3 2 0
github.com/vbonduro/kitchinv/cmd/benchmark/main.go:313.2,314.39 2 0
github.com/vbonduro/kitchinv/cmd/benchmark/main.go:317.77,320.16 3 0
github.com/vbonduro/kitchinv/cmd/benchmark/main.go:320.16,322.3 1 0
github.com/vbonduro/kitchinv/cmd/benchmark/main.go:324.2,325.52 2 0
github.com/vbonduro/kitchinv/cmd/benchmark/main.go:325.52,327.3 1 0
github.com/vbonduro/kitchinv/cmd/benchmark/main.go:330.2,331.16 2 0
github.com/vbonduro/kitchinv/cmd/benchmark/main.go:331.16,333.3 1 0
github.com/vbonduro/kitchinv/cmd/benchmark/main.go:334.2,334.28 1 0
github.com/vbonduro/kitchinv/cmd/benchmark/main.go:334.28,336.41 2 0
github.com/vbonduro/kitchinv/cmd/benchmark/main.go:336.41,338.4 1 0
github.com/vbonduro/kitchinv/cmd/benchmark/main.go:341.2,341.108 1 0
github.com/vbonduro/kitchinv/cmd/benchmark/main.go:344.83,346.28 2 0
github.com/vbonduro/kitchinv/cmd/benchmark/main.go:346.28,349.3 2 0
github.com/vbonduro/kitchinv/cmd/benchmark/main.go:350.2,358.3 2 0
github.com/vbonduro/kitchinv/cmd/benchmark/main.go:361.30,365.30 3 0
github.com/vbonduro/kitchinv/cmd/benchmark/main.go:365.30,373.30 6 0
github.com/vbonduro/kitchinv/cmd/benchmark/main.go:373.30,374.26 1 0
github.com/vbonduro/kitchinv/cmd/benchmark/main.go:374.26,377.5 1 0
github.com/vbonduro/kitchinv/cmd/benchmark/main.go:377.10,377.32 1 0
github.com/vbonduro/kitchinv/cmd/benchmark/main.go:377.32,381.5 1 0
github.com/vbonduro/kitchinv/cmd/benchmark/main.go:381.10,385.5 1 0
github.com/vbonduro/kitchinv/cmd/benchmark/main.go:388.3,388.23 1 0
github.com/vbonduro/kitchinv/cmd/benchmark/main.go:388.23,390.30 2 0
github.com/vbonduro/kitchinv/cmd/benchmark/main.go:390.30,392.5 1 0
github.com/vbonduro/kitchinv/cmd/benchmark/main.go:394.3,394.16 1 0
github.com/vbonduro/kitchinv/cmd/benchmark/main.go:397.2,399.76 3 0
github.com/vbonduro/kitchinv/cmd/benchmark/main.go:402.36,403.14 1 0
github.com/vbonduro/kitchinv/cmd/benchmark/main.go:403.14,405.3 1 0
github.com/vbonduro/kitchinv/cmd/benchmark/main.go:406.2,406.69 1 0
github.com/vbonduro/kitchinv/cmd/kitchinv/main.go:24.13,28.16 3 0
github.com/vbonduro/kitchinv/cmd/kitchinv/main.go:28.16,30.3 1 0
github.com/vbonduro/kitchinv/cmd/kitchinv/main.go:31.2,35.18 4 0
github.com/vbonduro/kitchinv/cmd/kitchinv/main.go:35.18,37.3 1 0
github.com/vbonduro/kitchinv/cmd/kitchinv/main.go:37.8,39.3 1 0
github.com/vbonduro/kitchinv/cmd/kitchinv/main.go:40.2,40.16 1 0
github.com/vbonduro/kitchinv/cmd/kitchinv/main.go:40.16,43.3 2 0
github.com/vbonduro/kitchinv/cmd/kitchinv/main.go:44.2,44.15 1 0
github.com/vbonduro/kitchinv/cmd/kitchinv/main.go:44.15,45.42 1 0
github.com/vbonduro/kitchinv/cmd/kitchinv/main.go:45.42,47.4 1 0
github.com/vbonduro/kitchinv/cmd/kitchinv/main.go:50.2,56.16 6 0
github.com/vbonduro/kitchinv/cmd/kitchinv/main.go:56.16,59.3 2 0
github.com/vbonduro/kitchinv/cmd/kitchinv/main.go:61.2,62.16 2 0
github.com/vbonduro/kitchinv/cmd/kitchinv/main.go:62.16,65.3 2 0
github.com/vbonduro/kitchinv/cmd/kitchinv/main.go:67.2,70.62 3 0
github.com/vbonduro/kitchinv/cmd/kitchinv/main.go:70.62,72.3 1 0
github.com/vbonduro/kitchinv/cmd/kitchinv/main.go:75.96,76.27 1 0
github.com/vbonduro/kitchinv/cmd/kitchinv/main.go:77.16,78.29 1 0
github.com/vbonduro/kitchinv/cmd/kitchinv/main.go:78.29,80.4 1 0
github.com/vbonduro/kitchinv/cmd/kitchinv/main.go:81.3,82.80 2 0
github.com/vbonduro/kitchinv/cmd/kitchinv/main.go:83.16,84.29 1 0
github.com/vbonduro/kitchinv/cmd/kitchinv/main.go:84.29,86.4 1 0
github.com/vbonduro/kitchinv/cmd/kitchinv/main.go:87.3,88.80 2 0
github.com/vbonduro/kitchinv/cmd/kitchinv/main.go:89.10,91.78 2 0
github.com/vbonduro/kitchinv/internal/benchmark/scorer.go:37.48,39.26 2 3
github.com/vbonduro/kitchinv/internal/benchmark/scorer.go:39.26,42.3 2 3
github.com/vbonduro/kitchinv/internal/benchmark/scorer.go:43.2,43.10 1 3
github.com/vbonduro/kitchinv/internal/benchmark/scorer.go:46.51,48.2 1 5
github.com/vbonduro/kitchinv/internal/benchmark/scorer.go:97.108,102.36 4 33
github.com/vbonduro/kitchinv/internal/benchmark/scorer.go:102.36,106.41 2 37
github.com/vbonduro/kitchinv/internal/benchmark/scorer.go:106.41,107.23 1 42
github.com/vbonduro/kitchinv/internal/benchmark/scorer.go:107.23,108.13 1 5
github.com/vbonduro/kitchinv/internal/benchmark/scorer.go:110.4,110.48 1 37
github.com/vbonduro/kitchinv/internal/benchmark/scorer.go:110.48,114.60 4 27
github.com/vbonduro/kitchinv/internal/benchmark/scorer.go:114.60,117.6 2 26
github.com/vbonduro/kitchinv/internal/benchmark/scorer.go:118.5,118.10 1 27
github.com/vbonduro/kitchinv/internal/benchmark/scorer.go:123.3,123.45 1 37
github.com/vbonduro/kitchinv/internal/benchmark/scorer.go:123.45,124.78 1 2
github.com/vbonduro/kitchinv/internal/benchmark/scorer.go:124.78,125.43 1 1
github.com/vbonduro/kitchinv/internal/benchmark/scorer.go:125.43,126.25 1 1
github.com/vbonduro/kitchinv/internal/benchmark/scorer.go:126.25,127.15 1 0
github.com/vbonduro/kitchinv/internal/benchmark/scorer.go:129.6,129.75 1 1
github.com/vbonduro/kitchinv/internal/benchmark/scorer.go:129.75,134.62 5 1
github.com/vbonduro/kitchinv/internal/benchmark/scorer.go:134.62,137.8 2 1
github.com/vbonduro/kitchinv/internal/benchmark/scorer.go:138.7,138.12 1 1
github.com/vbonduro/kitchinv/internal/benchmark/scorer.go:144.3,144.22 1 37
github.com/vbonduro/kitchinv/internal/benchmark/scorer.go:147.2,148.33 2 33
github.com/vbonduro/kitchinv/internal/benchmark/scorer.go:148.33,149.25 1 37
github.com/vbonduro/kitchinv/internal/benchmark/scorer.go:149.25,151.4 1 28
github.com/vbonduro/kitchinv/internal/benchmark/scorer.go:154.2,155.36 2 33
github.com/vbonduro/kitchinv/internal/benchmark/scorer.go:155.36,156.12 1 39
github.com/vbonduro/kitchinv/internal/benchmark/scorer.go:156.12,162.4 1 11
github.com/vbonduro/kitchinv/internal/benchmark/scorer.go:165.2,166.23 2 33
github.com/vbonduro/kitchinv/internal/benchmark/scorer.go:166.23,168.3 1 32
github.com/vbonduro/kitchinv/internal/benchmark/scorer.go:170.2,171.21 2 33
github.com/vbonduro/kitchinv/internal/benchmark/scorer.go:171.21,173.3 1 24
github.com/vbonduro/kitchinv/internal/benchmark/scorer.go:175.2,185.3 1 33
github.com/vbonduro/kitchinv/internal/benchmark/scorer.go:233.35,236.58 3 37
github.com/vbonduro/kitchinv/internal/benchmark/scorer.go:236.58,238.3 1 13
github.com/vbonduro/kitchinv/internal/benchmark/scorer.go:239.2,239.54 1 24
github.com/vbonduro/kitchinv/internal/benchmark/scorer.go:244.40,247.34 3 24
github.com/vbonduro/kitchinv/internal/benchmark/scorer.go:247.34,249.3 1 0
github.com/vbonduro/kitchinv/internal/benchmark/scorer.go:250.2,251.20 2 24
github.com/vbonduro/kitchinv/internal/benchmark/scorer.go:251.20,252.12 1 37
github.com/vbonduro/kitchinv/internal/benchmark/scorer.go:252.12,254.4 1 17
github.com/vbonduro/kitchinv/internal/benchmark/scorer.go:256.2,257.16 2 24
github.com/vbonduro/kitchinv/internal/benchmark/scorer.go:257.16,259.3 1 0
github.com/vbonduro/kitchinv/internal/benchmark/scorer.go:260.2,260.47 1 24
github.com/vbonduro/kitchinv/internal/benchmark/scorer.go:274.38,276.22 2 48
github.com/vbonduro/kitchinv/internal/benchmark/scorer.go:276.22,277.32 1 828
github.com/vbonduro/kitchinv/internal/benchmark/scorer.go:277.32,279.4 1 4
github.com/vbonduro/kitchinv/internal/benchmark/scorer.go:279.9,281.4 1 824
github.com/vbonduro/kitchinv/internal/benchmark/scorer.go:283.2,283.19 1 48
github.com/vbonduro/kitchinv/internal/benchmark/scorer.go:289.28,292.9 2 133
github.com/vbonduro/kitchinv/internal/benchmark/scorer.go:293.22,294.19 1 1
github.com/vbonduro/kitchinv/internal/benchmark/scorer.go:295.43,296.15 1 2
github.com/vbonduro/kitchinv/internal/benchmark/scorer.go:297.21,298.15 1 2
github.com/vbonduro/kitchinv/internal/benchmark/scorer.go:299.49,300.28 1 0
github.com/vbonduro/kitchinv/internal/benchmark/scorer.go:304.32,305.22 1 0
github.com/vbonduro/kitchinv/internal/benchmark/scorer.go:306.48,309.63 2 4
github.com/vbonduro/kitchinv/internal/benchmark/scorer.go:309.63,311.4 1 2
github.com/vbonduro/kitchinv/internal/benchmark/scorer.go:312.3,312.14 1 4
github.com/vbonduro/kitchinv/internal/benchmark/scorer.go:313.47,314.22 1 16
github.com/vbonduro/kitchinv/internal/benchmark/scorer.go:316.2,316.10 1 108
github.com/vbonduro/kitchinv/internal/benchmark/scorer.go:322.41,325.38 3 48
github.com/vbonduro/kitchinv/internal/benchmark/scorer.go:325.38,330.27 4 132
github.com/vbonduro/kitchinv/internal/benchmark/scorer.go:330.27,332.35 2 133
github.com/vbonduro/kitchinv/internal/benchmark/scorer.go:332.35,333.13 1 51
github.com/vbonduro/kitchinv/internal/benchmark/scorer.go:335.4,335.17 1 82
github.com/vbonduro/kitchinv/internal/benchmark/scorer.go:338.2,338.12 1 48
github.com/vbonduro/kitchinv/internal/benchmark/scorer.go:342.56,344.16 2 28
github.com/vbonduro/kitchinv/internal/benchmark/scorer.go:344.16,346.3 1 0
github.com/vbonduro/kitchinv/internal/benchmark/scorer.go:347.2,347.22 1 28
github.com/vbonduro/kitchinv/internal/config/config.go:26.21,43.2 1 5
github.com/vbonduro/kitchinv/internal/config/config.go:45.44,46.46 1 61
github.com/vbonduro/kitchinv/internal/config/config.go:46.46,48.3 1 36
github.com/vbonduro/kitchinv/internal/config/config.go:49.2,49.19 1 25
github.com/vbonduro/kitchinv/internal/config/config.go:56.50,57.68 1 10
github.com/vbonduro/kitchinv/internal/config/config.go:57.68,59.17 2 4
github.com/vbonduro/kitchinv/internal/config/config.go:59.17,62.4 2 1
github.com/vbonduro/kitchinv/internal/config/config.go:63.3,63.41 1 3
github.com/vbonduro/kitchinv/internal/config/config.go:65.2,65.27 1 6
github.com/vbonduro/kitchinv/internal/photostore/local/local.go:18.68,19.52 1 4
github.com/vbonduro/kitchinv/internal/photostore/local/local.go:19.52,21.3 1 0
github.com/vbonduro/kitchinv/internal/photostore/local/local.go:22.2,22.50 1 4
github.com/vbonduro/kitchinv/internal/photostore/local/local.go:25.107,30.16 4 2
github.com/vbonduro/kitchinv/internal/photostore/local/local.go:30.16,32.3 1 0
github.com/vbonduro/kitchinv/internal/photostore/local/local.go:33.2,33.41 1 2
github.com/vbonduro/kitchinv/internal/photostore/local/local.go:33.41,34.37 1 0
github.com/vbonduro/kitchinv/internal/photostore/local/local.go:34.37,36.4 1 0
github.com/vbonduro/kitchinv/internal/photostore/local/local.go:37.3,37.47 1 0
github.com/vbonduro/kitchinv/internal/photostore/local/local.go:37.47,39.4 1 0
github.com/vbonduro/kitchinv/internal/photostore/local/local.go:40.3,40.57 1 0
github.com/vbonduro/kitchinv/internal/photostore/local/local.go:42.2,42.34 1 2
github.com/vbonduro/kitchinv/internal/photostore/local/local.go:42.34,43.47 1 0
github.com/vbonduro/kitchinv/internal/photostore/local/local.go:43.47,45.4 1 0
github.com/vbonduro/kitchinv/internal/photostore/local/local.go:46.3,46.57 1 0
github.com/vbonduro/kitchinv/internal/photostore/local/local.go:48.2,48.22 1 2
github.com/vbonduro/kitchinv/internal/photostore/local/local.go:51.102,53.16 2 4
github.com/vbonduro/kitchinv/internal/photostore/local/local.go:53.16,55.3 1 1
github.com/vbonduro/kitchinv/internal/photostore/local/local.go:57.2,58.16 2 3
github.com/vbonduro/kitchinv/internal/photostore/local/local.go:58.16,59.25 1 2
github.com/vbonduro/kitchinv/internal/photostore/local/local.go:59.25,61.4 1 2
github.com/vbonduro/kitchinv/internal/photostore/local/local.go:62.3,62.61 1 0
github.com/vbonduro/kitchinv/internal/photostore/local/local.go:64.2,64.40 1 1
github.com/vbonduro/kitchinv/internal/photostore/local/local.go:67.80,69.16 2 1
github.com/vbonduro/kitchinv/internal/photostore/local/local.go:69.16,71.3 1 0
github.com/vbonduro/kitchinv/internal/photostore/local/local.go:73.2,73.44 1 1
github.com/vbonduro/kitchinv/internal/photostore/local/local.go:73.44,74.25 1 0
github.com/vbonduro/kitchinv/internal/photostore/local/local.go:74.25,76.4 1 0
github.com/vbonduro/kitchinv/internal/photostore/local/local.go:77.3,77.54 1 0
github.com/vbonduro/kitchinv/internal/photostore/local/local.go:79.2,79.12 1 1
github.com/vbonduro/kitchinv/internal/photostore/local/local.go:83.71,85.16 2 5
github.com/vbonduro/kitchinv/internal/photostore/local/local.go:85.16,87.3 1 0
github.com/vbonduro/kitchinv/internal/photostore/local/local.go:89.2,90.16 2 5
github.com/vbonduro/kitchinv/internal/photostore/local/local.go:90.16,92.3 1 0
github.com/vbonduro/kitchinv/internal/photostore/local/local.go:94.2,94.69 1 5
github.com/vbonduro/kitchinv/internal/photostore/local/local.go:94.69,96.3 1 1
github.com/vbonduro/kitchinv/internal/photostore/local/local.go:97.2,97.21 1 4
github.com/vbonduro/kitchinv/internal/photostore/local/local.go:100.44,101.18 1 2
github.com/vbonduro/kitchinv/internal/photostore/local/local.go:102.19,103.16 1 0
github.com/vbonduro/kitchinv/internal/photostore/local/local.go:104.19,105.16 1 0
github.com/vbonduro/kitchinv/internal/photostore/local/local.go:106.20,107.17 1 0
github.com/vbonduro/kitchinv/internal/photostore/local/local.go:108.10,109.16 1 2
github.com/vbonduro/kitchinv/internal/photostore/local/local.go:113.44,114.49 1 1
github.com/vbonduro/kitchinv/internal/photostore/local/local.go:115.14,116.21 1 0
github.com/vbonduro/kitchinv/internal/photostore/local/local.go:117.14,118.21 1 0
github.com/vbonduro/kitchinv/internal/photostore/local/local.go:119.15,120.22 1 0
github.com/vbonduro/kitchinv/internal/photostore/local/local.go:121.10,122.22 1 1
github.com/vbonduro/kitchinv/internal/logging/logging.go:13.63,17.20 3 0
github.com/vbonduro/kitchinv/internal/logging/logging.go:17.21,17.22 0 0
github.com/vbonduro/kitchinv/internal/logging/logging.go:19.2,19.19 1 0
github.com/vbonduro/kitchinv/internal/logging/logging.go:19.19,21.17 2 0
github.com/vbonduro/kitchinv/internal/logging/logging.go:21.17,23.4 1 0
github.com/vbonduro/kitchinv/internal/logging/logging.go:24.3,25.20 2 0
github.com/vbonduro/kitchinv/internal/logging/logging.go:25.20,25.37 1 0
github.com/vbonduro/kitchinv/internal/logging/logging.go:28.2,31.29 4 0
github.com/vbonduro/kitchinv/internal/logging/logging.go:34.38,35.11 1 0
github.com/vbonduro/kitchinv/internal/logging/logging.go:36.15,37.25 1 0
github.com/vbonduro/kitchinv/internal/logging/logging.go:38.14,39.24 1 0
github.com/vbonduro/kitchinv/internal/logging/logging.go:40.15,41.25 1 0
github.com/vbonduro/kitchinv/internal/logging/logging.go:42.10,43.24 1 0
github.com/vbonduro/kitchinv/internal/service/area_service.go:21.55,22.22 1 0
github.com/vbonduro/kitchinv/internal/service/area_service.go:22.22,24.3 1 0
github.com/vbonduro/kitchinv/internal/service/area_service.go:25.2,26.16 2 0
github.com/vbonduro/kitchinv/internal/service/area_service.go:26.16,28.3 1 0
github.com/vbonduro/kitchinv/internal/service/area_service.go:29.2,29.18 1 0
github.com/vbonduro/kitchinv/internal/service/area_service.go:91.16,101.2 1 22
github.com/vbonduro/kitchinv/internal/service/area_service.go:105.55,108.2 2 0
github.com/vbonduro/kitchinv/internal/service/area_service.go:110.56,115.2 4 19
github.com/vbonduro/kitchinv/internal/service/area_service.go:117.90,119.16 2 27
github.com/vbonduro/kitchinv/internal/service/area_service.go:119.16,120.64 1 0
github.com/vbonduro/kitchinv/internal/service/area_service.go:120.64,122.4 1 0
github.com/vbonduro/kitchinv/internal/service/area_service.go:123.3,123.18 1 0
github.com/vbonduro/kitchinv/internal/service/area_service.go:125.2,125.18 1 27
github.com/vbonduro/kitchinv/internal/service/area_service.go:128.78,130.2 1 1
github.com/vbonduro/kitchinv/internal/service/area_service.go:139.87,141.16 2 1
github.com/vbonduro/kitchinv/internal/service/area_service.go:141.16,143.3 1 0
github.com/vbonduro/kitchinv/internal/service/area_service.go:144.2,145.29 2 1
github.com/vbonduro/kitchinv/internal/service/area_service.go:145.29,147.17 2 1
github.com/vbonduro/kitchinv/internal/service/area_service.go:147.17,149.4 1 0
github.com/vbonduro/kitchinv/internal/service/area_service.go:150.3,151.17 2 1
github.com/vbonduro/kitchinv/internal/service/area_service.go:151.17,153.4 1 0
github.com/vbonduro/kitchinv/internal/service/area_service.go:154.3,154.86 1 1
github.com/vbonduro/kitchinv/internal/service/area_service.go:156.2,156.23 1 1
github.com/vbonduro/kitchinv/internal/service/area_service.go:159.88,161.2 1 1
github.com/vbonduro/kitchinv/internal/service/area_service.go:163.75,165.2 1 1
github.com/vbonduro/kitchinv/internal/service/area_service.go:171.144,175.16 3 21
github.com/vbonduro/kitchinv/internal/service/area_service.go:175.16,177.3 1 0
github.com/vbonduro/kitchinv/internal/service/area_service.go:178.2,178.17 1 21
github.com/vbonduro/kitchinv/internal/service/area_service.go:178.17,180.3 1 1
github.com/vbonduro/kitchinv/internal/service/area_service.go:184.2,185.16 2 20
github.com/vbonduro/kitchinv/internal/service/area_service.go:185.16,187.3 1 1
github.com/vbonduro/kitchinv/internal/service/area_service.go:188.2,197.16 5 19
github.com/vbonduro/kitchinv/internal/service/area_service.go:197.16,200.3 2 0
github.com/vbonduro/kitchinv/internal/service/area_service.go:202.2,204.16 3 19
github.com/vbonduro/kitchinv/internal/service/area_service.go:204.16,207.66 1 2
github.com/vbonduro/kitchinv/internal/service/area_service.go:207.66,209.4 1 0
github.com/vbonduro/kitchinv/internal/service/area_service.go:210.3,211.66 2 2
github.com/vbonduro/kitchinv/internal/service/area_service.go:213.2,214.61 2 17
github.com/vbonduro/kitchinv/internal/service/area_service.go:214.61,216.3 1 0
github.com/vbonduro/kitchinv/internal/service/area_service.go:218.2,219.16 2 17
github.com/vbonduro/kitchinv/internal/service/area_service.go:219.16,221.3 1 0
github.com/vbonduro/kitchinv/internal/service/area_service.go:223.2,224.26 2 17
github.com/vbonduro/kitchinv/internal/service/area_service.go:230.136,231.17 1 17
github.com/vbonduro/kitchinv/internal/service/area_service.go:231.17,233.3 1 0
github.com/vbonduro/kitchinv/internal/service/area_service.go:236.2,236.64 1 17
github.com/vbonduro/kitchinv/internal/service/area_service.go:236.64,238.3 1 0
github.com/vbonduro/kitchinv/internal/service/area_service.go:239.2,241.27 3 17
github.com/vbonduro/kitchinv/internal/service/area_service.go:241.27,243.17 2 20
github.com/vbonduro/kitchinv/internal/service/area_service.go:243.17,245.12 2 0
github.com/vbonduro/kitchinv/internal/service/area_service.go:247.3,247.30 1 20
github.com/vbonduro/kitchinv/internal/service/area_service.go:249.2,249.19 1 17
github.com/vbonduro/kitchinv/internal/service/area_service.go:252.138,254.16 2 0
github.com/vbonduro/kitchinv/internal/service/area_service.go:254.16,256.3 1 0
github.com/vbonduro/kitchinv/internal/service/area_service.go:257.2,257.15 1 0
github.com/vbonduro/kitchinv/internal/service/area_service.go:257.15,257.36 1 0
github.com/vbonduro/kitchinv/internal/service/area_service.go:259.2,259.94 1 0
github.com/vbonduro/kitchinv/internal/service/area_service.go:259.94,261.3 1 0
github.com/vbonduro/kitchinv/internal/service/area_service.go:263.2,265.27 3 0
github.com/vbonduro/kitchinv/internal/service/area_service.go:265.27,270.17 3 0
github.com/vbonduro/kitchinv/internal/service/area_service.go:270.17,272.12 2 0
github.com/vbonduro/kitchinv/internal/service/area_service.go:274.3,275.17 2 0
github.com/vbonduro/kitchinv/internal/service/area_service.go:275.17,277.12 2 0
github.com/vbonduro/kitchinv/internal/service/area_service.go:279.3,287.5 1 0
github.com/vbonduro/kitchinv/internal/service/area_service.go:290.2,290.36 1 0
github.com/vbonduro/kitchinv/internal/service/area_service.go:290.36,292.3 1 0
github.com/vbonduro/kitchinv/internal/service/area_service.go:293.2,293.19 1 0
github.com/vbonduro/kitchinv/internal/service/area_service.go:297.128,299.16 2 2
github.com/vbonduro/kitchinv/internal/service/area_service.go:299.16,301.3 1 0
github.com/vbonduro/kitchinv/internal/service/area_service.go:302.2,302.17 1 2
github.com/vbonduro/kitchinv/internal/service/area_service.go:302.17,304.3 1 0
github.com/vbonduro/kitchinv/internal/service/area_service.go:306.2,307.16 2 2
github.com/vbonduro/kitchinv/internal/service/area_service.go:307.16,309.3 1 0
github.com/vbonduro/kitchinv/internal/service/area_service.go:311.2,312.16 2 2
github.com/vbonduro/kitchinv/internal/service/area_service.go:312.16,314.3 1 0
github.com/vbonduro/kitchinv/internal/service/area_service.go:316.2,316.32 1 2
github.com/vbonduro/kitchinv/internal/service/area_service.go:319.104,320.62 1 2
github.com/vbonduro/kitchinv/internal/service/area_service.go:320.62,321.64 1 1
github.com/vbonduro/kitchinv/internal/service/area_service.go:321.64,323.4 1 1
github.com/vbonduro/kitchinv/internal/service/area_service.go:324.3,324.59 1 0
github.com/vbonduro/kitchinv/internal/service/area_service.go:326.2,326.41 1 1
github.com/vbonduro/kitchinv/internal/service/area_service.go:329.76,331.16 2 1
github.com/vbonduro/kitchinv/internal/service/area_service.go:331.16,333.3 1 0
github.com/vbonduro/kitchinv/internal/service/area_service.go:334.2,334.18 1 1
github.com/vbonduro/kitchinv/internal/service/area_service.go:334.18,336.3 1 0
github.com/vbonduro/kitchinv/internal/service/area_service.go:338.2,338.64 1 1
github.com/vbonduro/kitchinv/internal/service/area_service.go:338.64,340.3 1 0
github.com/vbonduro/kitchinv/internal/service/area_service.go:342.2,342.65 1 1
github.com/vbonduro/kitchinv/internal/service/area_service.go:342.65,344.3 1 0
github.com/vbonduro/kitchinv/internal/service/area_service.go:346.2,346.12 1 1
github.com/vbonduro/kitchinv/internal/service/area_service.go:349.114,351.2 1 5
github.com/vbonduro/kitchinv/internal/service/area_service.go:354.114,356.16 2 3
github.com/vbonduro/kitchinv/internal/service/area_service.go:356.16,358.3 1 0
github.com/vbonduro/kitchinv/internal/service/area_service.go:359.2,359.16 1 3
github.com/vbonduro/kitchinv/internal/service/area_service.go:359.16,361.3 1 0
github.com/vbonduro/kitchinv/internal/service/area_service.go:363.2,363.72 1 3
github.com/vbonduro/kitchinv/internal/service/area_service.go:363.72,365.3 1 0
github.com/vbonduro/kitchinv/internal/service/area_service.go:368.2,371.4 1 3
github.com/vbonduro/kitchinv/internal/service/area_service.go:371.4,372.37 1 6
github.com/vbonduro/kitchinv/internal/service/area_service.go:372.37,373.109 1 4
github.com/vbonduro/kitchinv/internal/service/area_service.go:373.109,375.5 1 0
github.com/vbonduro/kitchinv/internal/service/area_service.go:379.2,379.41 1 3
github.com/vbonduro/kitchinv/internal/service/area_service.go:382.75,384.2 1 1
github.com/vbonduro/kitchinv/internal/service/area_service.go:386.76,388.2 1 0
github.com/vbonduro/kitchinv/internal/service/area_service.go:390.94,392.2 1 7
github.com/vbonduro/kitchinv/internal/service/merge.go:18.70,22.29 3 26
github.com/vbonduro/kitchinv/internal/service/merge.go:22.29,24.17 2 40
github.com/vbonduro/kitchinv/internal/service/merge.go:24.17,25.12 1 2
github.com/vbonduro/kitchinv/internal/service/merge.go:27.3,29.40 2 38
github.com/vbonduro/kitchinv/internal/service/merge.go:29.40,33.63 2 7
github.com/vbonduro/kitchinv/internal/service/merge.go:33.63,34.57 1 6
github.com/vbonduro/kitchinv/internal/service/merge.go:34.57,36.6 1 6
github.com/vbonduro/kitchinv/internal/service/merge.go:38.4,38.21 1 7
github.com/vbonduro/kitchinv/internal/service/merge.go:38.21,40.5 1 5
github.com/vbonduro/kitchinv/internal/service/merge.go:41.9,47.21 3 31
github.com/vbonduro/kitchinv/internal/service/merge.go:47.21,49.5 1 10
github.com/vbonduro/kitchinv/internal/service/merge.go:50.4,50.33 1 31
github.com/vbonduro/kitchinv/internal/service/merge.go:54.2,54.15 1 26
github.com/vbonduro/kitchinv/internal/vision/parse.go:16.47,20.29 3 4
github.com/vbonduro/kitchinv/internal/vision/parse.go:20.29,21.43 1 10
github.com/vbonduro/kitchinv/internal/vision/parse.go:21.43,23.4 1 7
github.com/vbonduro/kitchinv/internal/vision/parse.go:26.2,26.14 1 4
github.com/vbonduro/kitchinv/internal/vision/parse.go:31.43,33.16 2 18
github.com/vbonduro/kitchinv/internal/vision/parse.go:33.16,35.3 1 3
github.com/vbonduro/kitchinv/internal/vision/parse.go:40.2,40.34 1 15
github.com/vbonduro/kitchinv/internal/vision/parse.go:40.34,42.3 1 6
github.com/vbonduro/kitchinv/internal/vision/parse.go:44.2,48.21 3 9
github.com/vbonduro/kitchinv/internal/vision/parse.go:48.21,50.3 1 9
github.com/vbonduro/kitchinv/internal/vision/parse.go:51.2,51.21 1 9
github.com/vbonduro/kitchinv/internal/vision/parse.go:51.21,53.3 1 8
github.com/vbonduro/kitchinv/internal/vision/parse.go:55.2,55.21 1 9
github.com/vbonduro/kitchinv/internal/vision/parse.go:55.21,57.3 1 0
github.com/vbonduro/kitchinv/internal/vision/parse.go:58.2,58.14 1 9
github.com/vbonduro/kitchinv/internal/vision/parse.go:86.61,89.19 2 13
github.com/vbonduro/kitchinv/internal/vision/parse.go:89.19,91.3 1 1
github.com/vbonduro/kitchinv/internal/vision/parse.go:93.2,94.63 2 12
github.com/vbonduro/kitchinv/internal/vision/parse.go:94.63,96.3 1 0
github.com/vbonduro/kitchinv/internal/vision/parse.go:98.2,98.24 1 12
github.com/vbonduro/kitchinv/internal/vision/parse.go:98.24,100.3 1 1
github.com/vbonduro/kitchinv/internal/vision/parse.go:101.2,101.23 1 11
github.com/vbonduro/kitchinv/internal/vision/parse.go:101.23,103.3 1 1
github.com/vbonduro/kitchinv/internal/vision/parse.go:105.2,106.28 2 10
github.com/vbonduro/kitchinv/internal/vision/parse.go:106.28,108.3 1 1
github.com/vbonduro/kitchinv/internal/vision/parse.go:110.2,111.32 2 9
github.com/vbonduro/kitchinv/internal/vision/parse.go:111.32,112.20 1 7
github.com/vbonduro/kitchinv/internal/vision/parse.go:112.20,114.4 1 1
github.com/vbonduro/kitchinv/internal/vision/parse.go:115.3,116.25 2 6
github.com/vbonduro/kitchinv/internal/vision/parse.go:116.25,118.4 1 5
github.com/vbonduro/kitchinv/internal/vision/parse.go:119.3,119.22 1 6
github.com/vbonduro/kitchinv/internal/vision/parse.go:119.22,121.4 1 2
github.com/vbonduro/kitchinv/internal/vision/parse.go:122.3,122.24 1 6
github.com/vbonduro/kitchinv/internal/vision/parse.go:122.24,126.52 2 2
github.com/vbonduro/kitchinv/internal/vision/parse.go:126.52,130.5 2 1
github.com/vbonduro/kitchinv/internal/vision/parse.go:130.10,134.5 2 1
github.com/vbonduro/kitchinv/internal/vision/parse.go:136.3,136.30 1 6
github.com/vbonduro/kitchinv/internal/vision/parse.go:139.2,143.8 1 8
github.com/vbonduro/kitchinv/internal/store/area_store.go:16.42,18.2 1 37
github.com/vbonduro/kitchinv/internal/store/area_store.go:20.84,25.16 2 36
github.com/vbonduro/kitchinv/internal/store/area_store.go:25.16,27.3 1 1
github.com/vbonduro/kitchinv/internal/store/area_store.go:29.2,30.16 2 35
github.com/vbonduro/kitchinv/internal/store/area_store.go:30.16,32.3 1 0
github.com/vbonduro/kitchinv/internal/store/area_store.go:34.2,34.27 1 35
github.com/vbonduro/kitchinv/internal/store/area_store.go:37.82,43.26 3 39
github.com/vbonduro/kitchinv/internal/store/area_store.go:43.26,45.3 1 2
github.com/vbonduro/kitchinv/internal/store/area_store.go:46.2,46.16 1 37
github.com/vbonduro/kitchinv/internal/store/area_store.go:46.16,48.3 1 0
github.com/vbonduro/kitchinv/internal/store/area_store.go:50.2,50.18 1 37
github.com/vbonduro/kitchinv/internal/store/area_store.go:53.71,57.16 2 3
github.com/vbonduro/kitchinv/internal/store/area_store.go:57.16,59.3 1 0
github.com/vbonduro/kitchinv/internal/store/area_store.go:60.2,60.15 1 3
github.com/vbonduro/kitchinv/internal/store/area_store.go:60.15,61.38 1 3
github.com/vbonduro/kitchinv/internal/store/area_store.go:61.38,63.4 1 0
github.com/vbonduro/kitchinv/internal/store/area_store.go:66.2,67.18 2 3
github.com/vbonduro/kitchinv/internal/store/area_store.go:67.18,69.91 2 5
github.com/vbonduro/kitchinv/internal/store/area_store.go:69.91,71.4 1 0
github.com/vbonduro/kitchinv/internal/store/area_store.go:72.3,72.30 1 5
github.com/vbonduro/kitchinv/internal/store/area_store.go:75.2,75.35 1 3
github.com/vbonduro/kitchinv/internal/store/area_store.go:75.35,77.3 1 0
github.com/vbonduro/kitchinv/internal/store/area_store.go:79.2,79.19 1 3
github.com/vbonduro/kitchinv/internal/store/area_store.go:82.78,86.16 2 2
github.com/vbonduro/kitchinv/internal/store/area_store.go:86.16,88.3 1 0
github.com/vbonduro/kitchinv/internal/store/area_store.go:90.2,91.16 2 2
github.com/vbonduro/kitchinv/internal/store/area_store.go:91.16,93.3 1 0
github.com/vbonduro/kitchinv/internal/store/area_store.go:95.2,95.23 1 2
github.com/vbonduro/kitchinv/internal/store/area_store.go:95.23,97.3 1 1
github.com/vbonduro/kitchinv/internal/store/area_store.go:99.2,99.12 1 1
github.com/vbonduro/kitchinv/internal/store/area_store.go:104.77,105.19 1 2
github.com/vbonduro/kitchinv/internal/store/area_store.go:105.19,107.3 1 1
github.com/vbonduro/kitchinv/internal/store/area_store.go:108.2,109.16 2 1
github.com/vbonduro/kitchinv/internal/store/area_store.go:109.16,111.3 1 0
github.com/vbonduro/kitchinv/internal/store/area_store.go:112.2,112.15 1 1
github.com/vbonduro/kitchinv/internal/store/area_store.go:112.15,112.36 1 1
github.com/vbonduro/kitchinv/internal/store/area_store.go:114.2,114.25 1 1
github.com/vbonduro/kitchinv/internal/store/area_store.go:114.25,115.105 1 3
github.com/vbonduro/kitchinv/internal/store/area_store.go:115.105,117.4 1 0
github.com/vbonduro/kitchinv/internal/store/area_store.go:119.2,119.36 1 1
github.com/vbonduro/kitchinv/internal/store/area_store.go:119.36,121.3 1 0
github.com/vbonduro/kitchinv/internal/store/area_store.go:122.2,122.12 1 1
github.com/vbonduro/kitchinv/internal/store/area_store.go:125.65,129.16 2 3
github.com/vbonduro/kitchinv/internal/store/area_store.go:129.16,131.3 1 0
github.com/vbonduro/kitchinv/internal/store/area_store.go:133.2,134.16 2 3
github.com/vbonduro/kitchinv/internal/store/area_store.go:134.16,136.3 1 0
github.com/vbonduro/kitchinv/internal/store/area_store.go:138.2,138.23 1 3
github.com/vbonduro/kitchinv/internal/store/area_store.go:138.23,140.3 1 1
github.com/vbonduro/kitchinv/internal/store/area_store.go:142.2,142.12 1 2
github.com/vbonduro/kitchinv/internal/store/item_edit_store.go:16.50,18.2 1 3
github.com/vbonduro/kitchinv/internal/store/item_edit_store.go:20.127,24.16 2 4
github.com/vbonduro/kitchinv/internal/store/item_edit_store.go:24.16,26.3 1 0
github.com/vbonduro/kitchinv/internal/store/item_edit_store.go:28.2,29.16 2 4
github.com/vbonduro/kitchinv/internal/store/item_edit_store.go:29.16,31.3 1 0
github.com/vbonduro/kitchinv/internal/store/item_edit_store.go:33.2,37.16 3 4
github.com/vbonduro/kitchinv/internal/store/item_edit_store.go:37.16,39.3 1 0
github.com/vbonduro/kitchinv/internal/store/item_edit_store.go:41.2,41.18 1 4
github.com/vbonduro/kitchinv/internal/store/item_edit_store.go:44.101,49.16 2 2
github.com/vbonduro/kitchinv/internal/store/item_edit_store.go:49.16,51.3 1 0
github.com/vbonduro/kitchinv/internal/store/item_edit_store.go:52.2,52.15 1 2
github.com/vbonduro/kitchinv/internal/store/item_edit_store.go:52.15,53.38 1 2
github.com/vbonduro/kitchinv/internal/store/item_edit_store.go:53.38,55.4 1 0
github.com/vbonduro/kitchinv/internal/store/item_edit_store.go:58.2,59.18 2 2
github.com/vbonduro/kitchinv/internal/store/item_edit_store.go:59.18,61.120 2 2
github.com/vbonduro/kitchinv/internal/store/item_edit_store.go:61.120,63.4 1 0
github.com/vbonduro/kitchinv/internal/store/item_edit_store.go:64.3,64.30 1 2
github.com/vbonduro/kitchinv/internal/store/item_edit_store.go:67.2,67.35 1 2
github.com/vbonduro/kitchinv/internal/store/item_edit_store.go:67.35,69.3 1 0
github.com/vbonduro/kitchinv/internal/store/item_edit_store.go:71.2,71.19 1 2
github.com/vbonduro/kitchinv/internal/store/item_store.go:18.42,20.2 1 21
github.com/vbonduro/kitchinv/internal/store/item_store.go:22.54,23.22 1 22
github.com/vbonduro/kitchinv/internal/store/item_store.go:23.22,25.3 1 19
github.com/vbonduro/kitchinv/internal/store/item_store.go:26.2,27.16 2 3
github.com/vbonduro/kitchinv/internal/store/item_store.go:27.16,29.3 1 0
github.com/vbonduro/kitchinv/internal/store/item_store.go:30.2,30.55 1 3
github.com/vbonduro/kitchinv/internal/store/item_store.go:33.50,34.34 1 30
github.com/vbonduro/kitchinv/internal/store/item_store.go:34.34,36.3 1 26
github.com/vbonduro/kitchinv/internal/store/item_store.go:37.2,38.67 2 4
github.com/vbonduro/kitchinv/internal/store/item_store.go:38.67,40.3 1 0
github.com/vbonduro/kitchinv/internal/store/item_store.go:41.2,41.15 1 4
github.com/vbonduro/kitchinv/internal/store/item_store.go:44.152,49.16 2 22
github.com/vbonduro/kitchinv/internal/store/item_store.go:49.16,51.3 1 0
github.com/vbonduro/kitchinv/internal/store/item_store.go:53.2,54.16 2 22
github.com/vbonduro/kitchinv/internal/store/item_store.go:54.16,56.3 1 0
github.com/vbonduro/kitchinv/internal/store/item_store.go:58.2,58.27 1 22
github.com/vbonduro/kitchinv/internal/store/item_store.go:61.82,74.26 4 26
github.com/vbonduro/kitchinv/internal/store/item_store.go:74.26,76.3 1 1
github.com/vbonduro/kitchinv/internal/store/item_store.go:77.2,77.16 1 25
github.com/vbonduro/kitchinv/internal/store/item_store.go:77.16,79.3 1 0
github.com/vbonduro/kitchinv/internal/store/item_store.go:81.2,82.18 2 25
github.com/vbonduro/kitchinv/internal/store/item_store.go:85.93,90.16 2 3
github.com/vbonduro/kitchinv/internal/store/item_store.go:90.16,92.3 1 0
github.com/vbonduro/kitchinv/internal/store/item_store.go:93.2,93.15 1 3
github.com/vbonduro/kitchinv/internal/store/item_store.go:93.15,94.38 1 3
github.com/vbonduro/kitchinv/internal/store/item_store.go:94.38,96.4 1 0
github.com/vbonduro/kitchinv/internal/store/item_store.go:99.2,100.18 2 3
github.com/vbonduro/kitchinv/internal/store/item_store.go:100.18,108.17 3 2
github.com/vbonduro/kitchinv/internal/store/item_store.go:108.17,110.4 1 0
github.com/vbonduro/kitchinv/internal/store/item_store.go:111.3,112.30 2 2
github.com/vbonduro/kitchinv/internal/store/item_store.go:115.2,115.35 1 3
github.com/vbonduro/kitchinv/internal/store/item_store.go:115.35,117.3 1 0
github.com/vbonduro/kitchinv/internal/store/item_store.go:119.2,119.19 1 3
github.com/vbonduro/kitchinv/internal/store/item_store.go:122.87,133.16 3 4
github.com/vbonduro/kitchinv/internal/store/item_store.go:133.16,135.3 1 0
github.com/vbonduro/kitchinv/internal/store/item_store.go:136.2,136.15 1 4
github.com/vbonduro/kitchinv/internal/store/item_store.go:136.15,137.38 1 4
github.com/vbonduro/kitchinv/internal/store/item_store.go:137.38,139.4 1 0
github.com/vbonduro/kitchinv/internal/store/item_store.go:142.2,143.18 2 4
github.com/vbonduro/kitchinv/internal/store/item_store.go:143.18,151.17 3 3
github.com/vbonduro/kitchinv/internal/store/item_store.go:151.17,153.4 1 0
github.com/vbonduro/kitchinv/internal/store/item_store.go:154.3,155.30 2 3
github.com/vbonduro/kitchinv/internal/store/item_store.go:158.2,158.35 1 4
github.com/vbonduro/kitchinv/internal/store/item_store.go:158.35,160.3 1 0
github.com/vbonduro/kitchinv/internal/store/item_store.go:162.2,162.19 1 4
github.com/vbonduro/kitchinv/internal/store/item_store.go:165.88,169.16 2 3
github.com/vbonduro/kitchinv/internal/store/item_store.go:169.16,171.3 1 0
github.com/vbonduro/kitchinv/internal/store/item_store.go:173.2,174.16 2 3
github.com/vbonduro/kitchinv/internal/store/item_store.go:174.16,176.3 1 0
github.com/vbonduro/kitchinv/internal/store/item_store.go:178.2,178.23 1 3
github.com/vbonduro/kitchinv/internal/store/item_store.go:178.23,180.3 1 1
github.com/vbonduro/kitchinv/internal/store/item_store.go:182.2,182.12 1 2
github.com/vbonduro/kitchinv/internal/store/item_store.go:185.65,189.16 2 3
github.com/vbonduro/kitchinv/internal/store/item_store.go:189.16,191.3 1 0
github.com/vbonduro/kitchinv/internal/store/item_store.go:193.2,194.16 2 3
github.com/vbonduro/kitchinv/internal/store/item_store.go:194.16,196.3 1 0
github.com/vbonduro/kitchinv/internal/store/item_store.go:198.2,198.23 1 3
github.com/vbonduro/kitchinv/internal/store/item_store.go:198.23,200.3 1 1
github.com/vbonduro/kitchinv/internal/store/item_store.go:202.2,202.12 1 2
github.com/vbonduro/kitchinv/internal/store/item_store.go:205.77,209.16 2 1
github.com/vbonduro/kitchinv/internal/store/item_store.go:209.16,211.3 1 0
github.com/vbonduro/kitchinv/internal/store/item_store.go:213.2,213.12 1 1
github.com/vbonduro/kitchinv/internal/store/photo_store.go:15.44,17.2 1 7
github.com/vbonduro/kitchinv/internal/store/photo_store.go:19.116,23.16 2 5
github.com/vbonduro/kitchinv/internal/store/photo_store.go:23.16,25.3 1 0
github.com/vbonduro/kitchinv/internal/store/photo_store.go:27.2,28.16 2 5
github.com/vbonduro/kitchinv/internal/store/photo_store.go:28.16,30.3 1 0
github.com/vbonduro/kitchinv/internal/store/photo_store.go:32.2,32.27 1 5
github.com/vbonduro/kitchinv/internal/store/photo_store.go:35.84,41.26 3 6
github.com/vbonduro/kitchinv/internal/store/photo_store.go:41.26,43.3 1 1
github.com/vbonduro/kitchinv/internal/store/photo_store.go:44.2,44.16 1 5
github.com/vbonduro/kitchinv/internal/store/photo_store.go:44.16,46.3 1 0
github.com/vbonduro/kitchinv/internal/store/photo_store.go:48.2,48.19 1 5
github.com/vbonduro/kitchinv/internal/store/photo_store.go:51.98,58.26 3 5
github.com/vbonduro/kitchinv/internal/store/photo_store.go:58.26,60.3 1 3
github.com/vbonduro/kitchinv/internal/store/photo_store.go:61.2,61.16 1 2
github.com/vbonduro/kitchinv/internal/store/photo_store.go:61.16,63.3 1 0
github.com/vbonduro/kitchinv/internal/store/photo_store.go:65.2,65.19 1 2
github.com/vbonduro/kitchinv/internal/store/photo_store.go:68.93,71.16 2 2
github.com/vbonduro/kitchinv/internal/store/photo_store.go:71.16,73.3 1 0
github.com/vbonduro/kitchinv/internal/store/photo_store.go:74.2,74.18 1 2
github.com/vbonduro/kitchinv/internal/store/photo_store.go:74.18,76.3 1 1
github.com/vbonduro/kitchinv/internal/store/photo_store.go:78.2,81.16 2 1
github.com/vbonduro/kitchinv/internal/store/photo_store.go:81.16,83.3 1 0
github.com/vbonduro/kitchinv/internal/store/photo_store.go:85.2,85.19 1 1
github.com/vbonduro/kitchinv/internal/store/photo_store.go:88.66,92.16 2 2
github.com/vbonduro/kitchinv/internal/store/photo_store.go:92.16,94.3 1 0
github.com/vbonduro/kitchinv/internal/store/photo_store.go:96.2,97.16 2 2
github.com/vbonduro/kitchinv/internal/store/photo_store.go:97.16,99.3 1 0
github.com/vbonduro/kitchinv/internal/store/photo_store.go:101.2,101.23 1 2
github.com/vbonduro/kitchinv/internal/store/photo_store.go:101.23,103.3 1 1
github.com/vbonduro/kitchinv/internal/store/photo_store.go:105.2,105.12 1 1
github.com/vbonduro/kitchinv/internal/db/db.go:22.40,24.16 2 2
github.com/vbonduro/kitchinv/internal/db/db.go:24.16,26.3 1 0
github.com/vbonduro/kitchinv/internal/db/db.go:27.2,27.42 1 2
github.com/vbonduro/kitchinv/internal/db/db.go:27.42,30.3 2 0
github.com/vbonduro/kitchinv/internal/db/db.go:31.2,31.16 1 2
github.com/vbonduro/kitchinv/internal/db/db.go:35.43,42.16 3 1
github.com/vbonduro/kitchinv/internal/db/db.go:42.16,44.3 1 0
github.com/vbonduro/kitchinv/internal/db/db.go:47.2,47.34 1 1
github.com/vbonduro/kitchinv/internal/db/db.go:47.34,49.3 1 0
github.com/vbonduro/kitchinv/internal/db/db.go:53.2,58.42 4 1
github.com/vbonduro/kitchinv/internal/db/db.go:58.42,59.38 1 0
github.com/vbonduro/kitchinv/internal/db/db.go:59.38,61.4 1 0
github.com/vbonduro/kitchinv/internal/db/db.go:62.3,62.62 1 0
github.com/vbonduro/kitchinv/internal/db/db.go:65.2,65.16 1 1
github.com/vbonduro/kitchinv/internal/db/db.go:72.53,75.16 3 28
github.com/vbonduro/kitchinv/internal/db/db.go:75.16,77.3 1 0
github.com/vbonduro/kitchinv/internal/db/db.go:78.2,78.15 1 28
github.com/vbonduro/kitchinv/internal/db/db.go:78.15,78.35 1 28
github.com/vbonduro/kitchinv/internal/db/db.go:79.2,79.78 1 28
github.com/vbonduro/kitchinv/internal/db/db.go:79.78,81.3 1 0
github.com/vbonduro/kitchinv/internal/db/db.go:82.2,82.57 1 28
github.com/vbonduro/kitchinv/internal/db/db.go:82.57,84.3 1 0
github.com/vbonduro/kitchinv/internal/db/db.go:85.2,86.12 2 28
github.com/vbonduro/kitchinv/internal/db/db.go:89.38,97.16 2 5
github.com/vbonduro/kitchinv/internal/db/db.go:97.16,99.3 1 0
github.com/vbonduro/kitchinv/internal/db/db.go:102.2,103.16 2 5
github.com/vbonduro/kitchinv/internal/db/db.go:103.16,105.3 1 0
github.com/vbonduro/kitchinv/internal/db/db.go:108.2,115.32 3 5
github.com/vbonduro/kitchinv/internal/db/db.go:115.32,116.20 1 70
github.com/vbonduro/kitchinv/internal/db/db.go:116.20,117.12 1 0
github.com/vbonduro/kitchinv/internal/db/db.go:120.3,123.21 3 70
github.com/vbonduro/kitchinv/internal/db/db.go:123.21,124.12 1 0
github.com/vbonduro/kitchinv/internal/db/db.go:127.3,128.65 2 70
github.com/vbonduro/kitchinv/internal/db/db.go:128.65,130.12 2 0
github.com/vbonduro/kitchinv/internal/db/db.go:135.3,136.53 2 70
github.com/vbonduro/kitchinv/internal/db/db.go:136.53,137.12 1 0
github.com/vbonduro/kitchinv/internal/db/db.go:140.3,140.48 1 70
github.com/vbonduro/kitchinv/internal/db/db.go:140.48,142.4 1 35
github.com/vbonduro/kitchinv/internal/db/db.go:144.3,144.11 1 70
github.com/vbonduro/kitchinv/internal/db/db.go:144.11,146.4 1 35
github.com/vbonduro/kitchinv/internal/db/db.go:147.3,147.34 1 70
github.com/vbonduro/kitchinv/internal/db/db.go:151.2,152.28 2 5
github.com/vbonduro/kitchinv/internal/db/db.go:152.28,154.3 1 35
github.com/vbonduro/kitchinv/internal/db/db.go:155.2,158.35 2 5
github.com/vbonduro/kitchinv/internal/db/db.go:158.35,160.14 2 35
github.com/vbonduro/kitchinv/internal/db/db.go:160.14,161.12 1 0
github.com/vbonduro/kitchinv/internal/db/db.go:165.3,167.17 3 35
github.com/vbonduro/kitchinv/internal/db/db.go:167.17,169.4 1 0
github.com/vbonduro/kitchinv/internal/db/db.go:171.3,171.18 1 35
github.com/vbonduro/kitchinv/internal/db/db.go:171.18,172.12 1 7
github.com/vbonduro/kitchinv/internal/db/db.go:176.3,177.17 2 28
github.com/vbonduro/kitchinv/internal/db/db.go:177.17,179.4 1 0
github.com/vbonduro/kitchinv/internal/db/db.go:181.3,181.57 1 28
github.com/vbonduro/kitchinv/internal/db/db.go:181.57,183.4 1 0
github.com/vbonduro/kitchinv/internal/db/db.go:186.3,186.99 1 28
github.com/vbonduro/kitchinv/internal/db/db.go:186.99,188.4 1 0
github.com/vbonduro/kitchinv/internal/db/db.go:191.2,191.12 1 5
github.com/vbonduro/kitchinv/internal/vision/claude/claude.go:60.62,67.2 1 5
github.com/vbonduro/kitchinv/internal/vision/claude/claude.go:70.65,85.2 1 4
github.com/vbonduro/kitchinv/internal/vision/claude/claude.go:88.101,90.16 2 4
github.com/vbonduro/kitchinv/internal/vision/claude/claude.go:90.16,92.3 1 0
github.com/vbonduro/kitchinv/internal/vision/claude/claude.go:93.2,96.17 4 4
github.com/vbonduro/kitchinv/internal/vision/claude/claude.go:99.117,101.16 2 5
github.com/vbonduro/kitchinv/internal/vision/claude/claude.go:101.16,103.3 1 1
github.com/vbonduro/kitchinv/internal/vision/claude/claude.go:105.2,115.16 3 4
github.com/vbonduro/kitchinv/internal/vision/claude/claude.go:115.16,117.3 1 0
github.com/vbonduro/kitchinv/internal/vision/claude/claude.go:119.2,120.16 2 4
github.com/vbonduro/kitchinv/internal/vision/claude/claude.go:120.16,122.3 1 0
github.com/vbonduro/kitchinv/internal/vision/claude/claude.go:124.2,125.16 2 4
github.com/vbonduro/kitchinv/internal/vision/claude/claude.go:125.16,127.3 1 0
github.com/vbonduro/kitchinv/internal/vision/claude/claude.go:128.2,128.15 1 4
github.com/vbonduro/kitchinv/internal/vision/claude/claude.go:128.15,129.43 1 4
github.com/vbonduro/kitchinv/internal/vision/claude/claude.go:129.43,131.4 1 0
github.com/vbonduro/kitchinv/internal/vision/claude/claude.go:134.2,134.38 1 4
github.com/vbonduro/kitchinv/internal/vision/claude/claude.go:134.38,137.3 2 1
github.com/vbonduro/kitchinv/internal/vision/claude/claude.go:139.2,140.69 2 3
github.com/vbonduro/kitchinv/internal/vision/claude/claude.go:140.69,142.3 1 0
github.com/vbonduro/kitchinv/internal/vision/claude/claude.go:144.2,145.39 2 3
github.com/vbonduro/kitchinv/internal/vision/claude/claude.go:145.39,146.25 1 3
github.com/vbonduro/kitchinv/internal/vision/claude/claude.go:146.25,148.9 2 3
github.com/vbonduro/kitchinv/internal/vision/claude/claude.go:152.2,153.16 2 3
github.com/vbonduro/kitchinv/internal/vision/claude/claude.go:153.16,155.3 1 0
github.com/vbonduro/kitchinv/internal/vision/claude/claude.go:157.2,157.43 1 3
github.com/vbonduro/kitchinv/internal/vision/claude/claude.go:157.43,159.3 1 1
github.com/vbonduro/kitchinv/internal/vision/claude/claude.go:161.2,161.20 1 2
github.com/vbonduro/kitchinv/internal/vision/claude/claude.go:168.44,169.18 1 4
github.com/vbonduro/kitchinv/internal/vision/claude/claude.go:170.46,171.18 1 0
github.com/vbonduro/kitchinv/internal/vision/claude/claude.go:172.10,173.22 1 4
github.com/vbonduro/kitchinv/internal/vision/gemini/fileupload.go:20.98,22.16 2 3
github.com/vbonduro/kitchinv/internal/vision/gemini/fileupload.go:22.16,24.3 1 0
github.com/vbonduro/kitchinv/internal/vision/gemini/fileupload.go:30.2,37.16 3 3
github.com/vbonduro/kitchinv/internal/vision/gemini/fileupload.go:37.16,39.3 1 0
github.com/vbonduro/kitchinv/internal/vision/gemini/fileupload.go:41.2,55.16 12 3
github.com/vbonduro/kitchinv/internal/vision/gemini/fileupload.go:55.16,57.3 1 0
github.com/vbonduro/kitchinv/internal/vision/gemini/fileupload.go:58.2,62.16 4 3
github.com/vbonduro/kitchinv/internal/vision/gemini/fileupload.go:62.16,64.3 1 0
github.com/vbonduro/kitchinv/internal/vision/gemini/fileupload.go:65.2,67.38 2 3
github.com/vbonduro/kitchinv/internal/vision/gemini/fileupload.go:67.38,70.3 2 1
github.com/vbonduro/kitchinv/internal/vision/gemini/fileupload.go:72.2,77.67 2 2
github.com/vbonduro/kitchinv/internal/vision/gemini/fileupload.go:77.67,79.3 1 0
github.com/vbonduro/kitchinv/internal/vision/gemini/fileupload.go:81.2,81.29 1 2
github.com/vbonduro/kitchinv/internal/vision/gemini/gemini.go:66.62,73.2 1 9
github.com/vbonduro/kitchinv/internal/vision/gemini/gemini.go:75.117,77.16 2 7
github.com/vbonduro/kitchinv/internal/vision/gemini/gemini.go:77.16,79.3 1 1
github.com/vbonduro/kitchinv/internal/vision/gemini/gemini.go:81.2,102.16 3 6
github.com/vbonduro/kitchinv/internal/vision/gemini/gemini.go:102.16,104.3 1 0
github.com/vbonduro/kitchinv/internal/vision/gemini/gemini.go:106.2,108.16 3 6
github.com/vbonduro/kitchinv/internal/vision/gemini/gemini.go:108.16,110.3 1 0
github.com/vbonduro/kitchinv/internal/vision/gemini/gemini.go:111.2,114.16 3 6
github.com/vbonduro/kitchinv/internal/vision/gemini/gemini.go:114.16,116.3 1 0
github.com/vbonduro/kitchinv/internal/vision/gemini/gemini.go:117.2,117.15 1 6
github.com/vbonduro/kitchinv/internal/vision/gemini/gemini.go:117.15,118.43 1 6
github.com/vbonduro/kitchinv/internal/vision/gemini/gemini.go:118.43,120.4 1 0
github.com/vbonduro/kitchinv/internal/vision/gemini/gemini.go:123.2,123.38 1 6
github.com/vbonduro/kitchinv/internal/vision/gemini/gemini.go:123.38,126.3 2 1
github.com/vbonduro/kitchinv/internal/vision/gemini/gemini.go:128.2,129.69 2 5
github.com/vbonduro/kitchinv/internal/vision/gemini/gemini.go:129.69,131.3 1 0
github.com/vbonduro/kitchinv/internal/vision/gemini/gemini.go:133.2,133.85 1 5
github.com/vbonduro/kitchinv/internal/vision/gemini/gemini.go:133.85,135.3 1 0
github.com/vbonduro/kitchinv/internal/vision/gemini/gemini.go:137.2,140.16 3 5
github.com/vbonduro/kitchinv/internal/vision/gemini/gemini.go:140.16,142.3 1 0
github.com/vbonduro/kitchinv/internal/vision/gemini/gemini.go:144.2,144.43 1 5
github.com/vbonduro/kitchinv/internal/vision/gemini/gemini.go:144.43,146.3 1 1
github.com/vbonduro/kitchinv/internal/vision/gemini/gemini.go:148.2,148.20 1 4
github.com/vbonduro/kitchinv/internal/vision/gemini/gemini.go:154.124,176.16 3 3
github.com/vbonduro/kitchinv/internal/vision/gemini/gemini.go:176.16,178.3 1 0
github.com/vbonduro/kitchinv/internal/vision/gemini/gemini.go:180.2,182.16 3 3
github.com/vbonduro/kitchinv/internal/vision/gemini/gemini.go:182.16,184.3 1 0
github.com/vbonduro/kitchinv/internal/vision/gemini/gemini.go:185.2,188.16 3 3
github.com/vbonduro/kitchinv/internal/vision/gemini/gemini.go:188.16,190.3 1 0
github.com/vbonduro/kitchinv/internal/vision/gemini/gemini.go:191.2,191.15 1 3
github.com/vbonduro/kitchinv/internal/vision/gemini/gemini.go:191.15,192.43 1 3
github.com/vbonduro/kitchinv/internal/vision/gemini/gemini.go:192.43,194.4 1 0
github.com/vbonduro/kitchinv/internal/vision/gemini/gemini.go:197.2,197.38 1 3
github.com/vbonduro/kitchinv/internal/vision/gemini/gemini.go:197.38,200.3 2 1
github.com/vbonduro/kitchinv/internal/vision/gemini/gemini.go:202.2,203.69 2 2
github.com/vbonduro/kitchinv/internal/vision/gemini/gemini.go:203.69,205.3 1 0
github.com/vbonduro/kitchinv/internal/vision/gemini/gemini.go:207.2,207.85 1 2
github.com/vbonduro/kitchinv/internal/vision/gemini/gemini.go:207.85,209.3 1 0
github.com/vbonduro/kitchinv/internal/vision/gemini/gemini.go:211.2,214.16 3 2
github.com/vbonduro/kitchinv/internal/vision/gemini/gemini.go:214.16,216.3 1 0
github.com/vbonduro/kitchinv/internal/vision/gemini/gemini.go:218.2,218.43 1 2
github.com/vbonduro/kitchinv/internal/vision/gemini/gemini.go:218.43,220.3 1 0
github.com/vbonduro/kitchinv/internal/vision/gemini/gemini.go:222.2,222.20 1 2
github.com/vbonduro/kitchinv/internal/web/handler_area.go:13.74,15.16 2 3
github.com/vbonduro/kitchinv/internal/web/handler_area.go:15.16,19.3 3 0
github.com/vbonduro/kitchinv/internal/web/handler_area.go:21.2,24.16 1 3
github.com/vbonduro/kitchinv/internal/web/handler_area.go:24.16,26.3 1 0
github.com/vbonduro/kitchinv/internal/web/handler_area.go:31.75,33.16 2 17
github.com/vbonduro/kitchinv/internal/web/handler_area.go:33.16,36.3 2 0
github.com/vbonduro/kitchinv/internal/web/handler_area.go:37.2,37.32 1 17
github.com/vbonduro/kitchinv/internal/web/handler_area.go:37.32,40.3 2 0
github.com/vbonduro/kitchinv/internal/web/handler_area.go:42.2,43.16 2 17
github.com/vbonduro/kitchinv/internal/web/handler_area.go:43.16,44.43 1 0
github.com/vbonduro/kitchinv/internal/web/handler_area.go:44.43,47.4 2 0
github.com/vbonduro/kitchinv/internal/web/handler_area.go:48.3,50.9 3 0
github.com/vbonduro/kitchinv/internal/web/handler_area.go:53.2,54.79 2 17
github.com/vbonduro/kitchinv/internal/web/handler_area.go:54.79,56.3 1 0
github.com/vbonduro/kitchinv/internal/web/handler_area.go:59.78,61.16 2 1
github.com/vbonduro/kitchinv/internal/web/handler_area.go:61.16,64.3 2 0
github.com/vbonduro/kitchinv/internal/web/handler_area.go:66.2,67.16 2 1
github.com/vbonduro/kitchinv/internal/web/handler_area.go:67.16,71.3 3 0
github.com/vbonduro/kitchinv/internal/web/handler_area.go:72.2,72.17 1 1
github.com/vbonduro/kitchinv/internal/web/handler_area.go:72.17,75.3 2 0
github.com/vbonduro/kitchinv/internal/web/handler_area.go:77.2,80.16 1 1
github.com/vbonduro/kitchinv/internal/web/handler_area.go:80.16,82.3 1 0
github.com/vbonduro/kitchinv/internal/web/handler_area.go:85.75,87.16 2 1
github.com/vbonduro/kitchinv/internal/web/handler_area.go:87.16,90.3 2 0
github.com/vbonduro/kitchinv/internal/web/handler_area.go:92.2,95.62 2 1
github.com/vbonduro/kitchinv/internal/web/handler_area.go:95.62,98.3 2 0
github.com/vbonduro/kitchinv/internal/web/handler_area.go:100.2,101.16 2 1
github.com/vbonduro/kitchinv/internal/web/handler_area.go:101.16,104.3 2 0
github.com/vbonduro/kitchinv/internal/web/handler_area.go:105.2,105.32 1 1
github.com/vbonduro/kitchinv/internal/web/handler_area.go:105.32,108.3 2 0
github.com/vbonduro/kitchinv/internal/web/handler_area.go:110.2,111.16 2 1
github.com/vbonduro/kitchinv/internal/web/handler_area.go:111.16,112.43 1 1
github.com/vbonduro/kitchinv/internal/web/handler_area.go:112.43,115.4 2 1
github.com/vbonduro/kitchinv/internal/web/handler_area.go:116.3,118.9 3 0
github.com/vbonduro/kitchinv/internal/web/handler_area.go:121.2,122.16 2 0
github.com/vbonduro/kitchinv/internal/web/handler_area.go:122.16,126.3 3 0
github.com/vbonduro/kitchinv/internal/web/handler_area.go:128.2,129.79 2 0
github.com/vbonduro/kitchinv/internal/web/handler_area.go:129.79,131.3 1 0
github.com/vbonduro/kitchinv/internal/web/handler_area.go:134.76,136.16 2 0
github.com/vbonduro/kitchinv/internal/web/handler_area.go:136.16,139.3 2 0
github.com/vbonduro/kitchinv/internal/web/handler_area.go:141.2,141.67 1 0
github.com/vbonduro/kitchinv/internal/web/handler_area.go:141.67,145.3 3 0
github.com/vbonduro/kitchinv/internal/web/handler_area.go:148.2,149.31 2 0
github.com/vbonduro/kitchinv/internal/web/handler_area.go:149.31,152.3 2 0
github.com/vbonduro/kitchinv/internal/web/handler_area.go:154.2,155.79 2 0
github.com/vbonduro/kitchinv/internal/web/handler_area.go:155.79,157.3 1 0
github.com/vbonduro/kitchinv/internal/web/handler_area.go:160.75,162.16 2 1
github.com/vbonduro/kitchinv/internal/web/handler_area.go:162.16,165.3 2 0
github.com/vbonduro/kitchinv/internal/web/handler_area.go:167.2,167.66 1 1
github.com/vbonduro/kitchinv/internal/web/handler_area.go:167.66,171.3 3 0
github.com/vbonduro/kitchinv/internal/web/handler_area.go:174.2,174.30 1 1
github.com/vbonduro/kitchinv/internal/web/handler_area.go:177.76,179.16 2 3
github.com/vbonduro/kitchinv/internal/web/handler_area.go:179.16,182.3 2 0
github.com/vbonduro/kitchinv/internal/web/handler_area.go:184.2,185.16 2 3
github.com/vbonduro/kitchinv/internal/web/handler_area.go:185.16,189.3 3 0
github.com/vbonduro/kitchinv/internal/web/handler_area.go:190.2,190.17 1 3
github.com/vbonduro/kitchinv/internal/web/handler_area.go:190.17,193.3 2 0
github.com/vbonduro/kitchinv/internal/web/handler_area.go:195.2,196.79 2 3
github.com/vbonduro/kitchinv/internal/web/handler_area.go:196.79,198.3 1 0
github.com/vbonduro/kitchinv/internal/web/handler_area.go:201.77,203.16 2 2
github.com/vbonduro/kitchinv/internal/web/handler_area.go:203.16,206.3 2 0
github.com/vbonduro/kitchinv/internal/web/handler_area.go:208.2,209.16 2 2
github.com/vbonduro/kitchinv/internal/web/handler_area.go:209.16,213.3 3 0
github.com/vbonduro/kitchinv/internal/web/handler_area.go:215.2,215.66 1 2
github.com/vbonduro/kitchinv/internal/web/handler_area.go:215.66,219.3 3 0
github.com/vbonduro/kitchinv/internal/web/handler_area.go:221.2,222.76 2 2
github.com/vbonduro/kitchinv/internal/web/handler_area.go:222.76,224.3 1 0
github.com/vbonduro/kitchinv/internal/web/handler_area.go:227.75,229.16 2 0
github.com/vbonduro/kitchinv/internal/web/handler_area.go:229.16,232.3 2 0
github.com/vbonduro/kitchinv/internal/web/handler_area.go:234.2,238.62 2 0
github.com/vbonduro/kitchinv/internal/web/handler_area.go:238.62,241.3 2 0
github.com/vbonduro/kitchinv/internal/web/handler_area.go:243.2,244.16 2 0
github.com/vbonduro/kitchinv/internal/web/handler_area.go:244.16,247.3 2 0
github.com/vbonduro/kitchinv/internal/web/handler_area.go:249.2,250.16 2 0
github.com/vbonduro/kitchinv/internal/web/handler_area.go:250.16,254.3 3 0
github.com/vbonduro/kitchinv/internal/web/handler_area.go:256.2,257.37 2 0
github.com/vbonduro/kitchinv/internal/web/handler_area.go:260.75,262.16 2 0
github.com/vbonduro/kitchinv/internal/web/handler_area.go:262.16,265.3 2 0
github.com/vbonduro/kitchinv/internal/web/handler_area.go:267.2,268.16 2 0
github.com/vbonduro/kitchinv/internal/web/handler_area.go:268.16,271.3 2 0
github.com/vbonduro/kitchinv/internal/web/handler_area.go:273.2,277.62 2 0
github.com/vbonduro/kitchinv/internal/web/handler_area.go:277.62,280.3 2 0
github.com/vbonduro/kitchinv/internal/web/handler_area.go:282.2,283.16 2 0
github.com/vbonduro/kitchinv/internal/web/handler_area.go:283.16,286.3 2 0
github.com/vbonduro/kitchinv/internal/web/handler_area.go:288.2,289.16 2 0
github.com/vbonduro/kitchinv/internal/web/handler_area.go:289.16,293.3 3 0
github.com/vbonduro/kitchinv/internal/web/handler_area.go:295.2,296.37 2 0
github.com/vbonduro/kitchinv/internal/web/handler_area.go:299.75,301.16 2 0
github.com/vbonduro/kitchinv/internal/web/handler_area.go:301.16,304.3 2 0
github.com/vbonduro/kitchinv/internal/web/handler_area.go:306.2,307.16 2 0
github.com/vbonduro/kitchinv/internal/web/handler_area.go:307.16,310.3 2 0
github.com/vbonduro/kitchinv/internal/web/handler_area.go:312.2,312.66 1 0
github.com/vbonduro/kitchinv/internal/web/handler_area.go:312.66,316.3 3 0
github.com/vbonduro/kitchinv/internal/web/handler_area.go:318.2,318.30 1 0
github.com/vbonduro/kitchinv/internal/web/handler_area.go:321.77,325.62 2 1
github.com/vbonduro/kitchinv/internal/web/handler_area.go:325.62,328.3 2 0
github.com/vbonduro/kitchinv/internal/web/handler_area.go:329.2,329.70 1 1
github.com/vbonduro/kitchinv/internal/web/handler_area.go:329.70,333.3 3 0
github.com/vbonduro/kitchinv/internal/web/handler_area.go:334.2,334.30 1 1
github.com/vbonduro/kitchinv/internal/web/handler_area.go:338.46,340.2 1 16
github.com/vbonduro/kitchinv/internal/web/handler_area.go:343.50,345.2 1 0
github.com/vbonduro/kitchinv/internal/web/handler_search.go:12.71,14.36 2 1
github.com/vbonduro/kitchinv/internal/web/handler_search.go:14.36,16.3 1 0
github.com/vbonduro/kitchinv/internal/web/handler_search.go:18.2,19.17 2 1
github.com/vbonduro/kitchinv/internal/web/handler_search.go:19.17,22.17 3 1
github.com/vbonduro/kitchinv/internal/web/handler_search.go:22.17,26.4 3 0
github.com/vbonduro/kitchinv/internal/web/handler_search.go:30.2,30.42 1 1
github.com/vbonduro/kitchinv/internal/web/handler_search.go:30.42,32.83 2 0
github.com/vbonduro/kitchinv/internal/web/handler_search.go:32.83,34.4 1 0
github.com/vbonduro/kitchinv/internal/web/handler_search.go:35.3,35.9 1 0
github.com/vbonduro/kitchinv/internal/web/handler_search.go:38.2,41.16 1 1
github.com/vbonduro/kitchinv/internal/web/handler_search.go:41.16,43.3 1 0
github.com/vbonduro/kitchinv/internal/web/handler_upload.go:24.31,28.2 1 16
github.com/vbonduro/kitchinv/internal/web/handler_upload.go:32.51,33.18 1 16
github.com/vbonduro/kitchinv/internal/web/handler_upload.go:33.18,35.3 1 1
github.com/vbonduro/kitchinv/internal/web/handler_upload.go:36.2,37.29 2 15
github.com/vbonduro/kitchinv/internal/web/handler_upload.go:37.29,39.3 1 11
github.com/vbonduro/kitchinv/internal/web/handler_upload.go:40.2,40.18 1 4
github.com/vbonduro/kitchinv/internal/web/handler_upload.go:43.76,45.16 2 8
github.com/vbonduro/kitchinv/internal/web/handler_upload.go:45.16,48.3 2 0
github.com/vbonduro/kitchinv/internal/web/handler_upload.go:50.2,50.59 1 8
github.com/vbonduro/kitchinv/internal/web/handler_upload.go:50.59,53.3 2 0
github.com/vbonduro/kitchinv/internal/web/handler_upload.go:55.2,56.16 2 8
github.com/vbonduro/kitchinv/internal/web/handler_upload.go:56.16,59.3 2 0
github.com/vbonduro/kitchinv/internal/web/handler_upload.go:60.2,63.16 3 8
github.com/vbonduro/kitchinv/internal/web/handler_upload.go:63.16,67.3 3 0
github.com/vbonduro/kitchinv/internal/web/handler_upload.go:69.2,70.9 2 8
github.com/vbonduro/kitchinv/internal/web/handler_upload.go:70.9,73.3 2 0
github.com/vbonduro/kitchinv/internal/web/handler_upload.go:75.2,76.16 2 8
github.com/vbonduro/kitchinv/internal/web/handler_upload.go:76.16,80.3 3 1
github.com/vbonduro/kitchinv/internal/web/handler_upload.go:82.2,83.76 2 7
github.com/vbonduro/kitchinv/internal/web/handler_upload.go:83.76,85.3 1 0
github.com/vbonduro/kitchinv/internal/web/handler_upload.go:88.73,90.16 2 0
github.com/vbonduro/kitchinv/internal/web/handler_upload.go:90.16,93.3 2 0
github.com/vbonduro/kitchinv/internal/web/handler_upload.go:95.2,96.16 2 0
github.com/vbonduro/kitchinv/internal/web/handler_upload.go:96.16,100.3 3 0
github.com/vbonduro/kitchinv/internal/web/handler_upload.go:101.2,101.18 1 0
github.com/vbonduro/kitchinv/internal/web/handler_upload.go:101.18,104.3 2 0
github.com/vbonduro/kitchinv/internal/web/handler_upload.go:106.2,107.16 2 0
github.com/vbonduro/kitchinv/internal/web/handler_upload.go:107.16,110.3 2 0
github.com/vbonduro/kitchinv/internal/web/handler_upload.go:111.2,114.46 3 0
github.com/vbonduro/kitchinv/internal/web/handler_upload.go:114.46,116.3 1 0
github.com/vbonduro/kitchinv/internal/web/handler_upload.go:120.67,121.34 1 8
github.com/vbonduro/kitchinv/internal/web/handler_upload.go:121.34,123.3 1 0
github.com/vbonduro/kitchinv/internal/web/server.go:48.106,56.27 1 14
github.com/vbonduro/kitchinv/internal/web/server.go:56.27,56.43 1 0
github.com/vbonduro/kitchinv/internal/web/server.go:57.30,57.46 1 0
github.com/vbonduro/kitchinv/internal/web/server.go:59.46,61.42 2 1
github.com/vbonduro/kitchinv/internal/web/server.go:61.42,62.40 1 2
github.com/vbonduro/kitchinv/internal/web/server.go:62.40,64.7 1 2
github.com/vbonduro/kitchinv/internal/web/server.go:66.5,66.13 1 1
github.com/vbonduro/kitchinv/internal/web/server.go:68.42,68.58 1 0
github.com/vbonduro/kitchinv/internal/web/server.go:71.2,72.10 2 14
github.com/vbonduro/kitchinv/internal/web/server.go:75.35,76.73 1 14
github.com/vbonduro/kitchinv/internal/web/server.go:76.73,78.3 1 0
github.com/vbonduro/kitchinv/internal/web/server.go:79.2,93.49 15 14
github.com/vbonduro/kitchinv/internal/web/server.go:98.54,99.71 1 38
github.com/vbonduro/kitchinv/internal/web/server.go:99.71,111.3 6 38
github.com/vbonduro/kitchinv/internal/web/server.go:120.48,123.2 2 4
github.com/vbonduro/kitchinv/internal/web/server.go:125.73,126.71 1 38
github.com/vbonduro/kitchinv/internal/web/server.go:126.71,136.3 4 38
github.com/vbonduro/kitchinv/internal/web/server.go:139.68,141.2 1 38
github.com/vbonduro/kitchinv/internal/web/server.go:143.52,153.2 3 0
github.com/vbonduro/kitchinv/internal/web/server.go:156.85,158.16 2 5
github.com/vbonduro/kitchinv/internal/web/server.go:158.16,161.3 2 0
github.com/vbonduro/kitchinv/internal/web/server.go:162.2,163.46 2 5
github.com/vbonduro/kitchinv/internal/web/server.go:168.84,170.16 2 29
github.com/vbonduro/kitchinv/internal/web/server.go:170.16,173.3 2 0
github.com/vbonduro/kitchinv/internal/web/server.go:174.2,179.55 3 29
github.com/vbonduro/kitchinv/internal/web/server.go:179.55,181.3 1 29
github.com/vbonduro/kitchinv/internal/web/server.go:182.2,182.37 1 29
github.com/vbonduro/kitchinv/internal/web/server.go:182.37,183.46 1 74
github.com/vbonduro/kitchinv/internal/web/server.go:183.46,185.4 1 29
github.com/vbonduro/kitchinv/internal/web/server.go:188.2,188.48 1 0
github.com/vbonduro/kitchinv/internal/vision/ollama/ollama.go:22.60,28.2 1 6
github.com/vbonduro/kitchinv/internal/vision/ollama/ollama.go:30.117,32.16 2 6
github.com/vbonduro/kitchinv/internal/vision/ollama/ollama.go:32.16,34.3 1 0
github.com/vbonduro/kitchinv/internal/vision/ollama/ollama.go:36.2,46.16 4 6
github.com/vbonduro/kitchinv/internal/vision/ollama/ollama.go:46.16,48.3 1 0
github.com/vbonduro/kitchinv/internal/vision/ollama/ollama.go:50.2,51.16 2 6
github.com/vbonduro/kitchinv/internal/vision/ollama/ollama.go:51.16,53.3 1 0
github.com/vbonduro/kitchinv/internal/vision/ollama/ollama.go:55.2,58.16 3 6
github.com/vbonduro/kitchinv/internal/vision/ollama/ollama.go:58.16,60.3 1 1
github.com/vbonduro/kitchinv/internal/vision/ollama/ollama.go:61.2,61.15 1 5
github.com/vbonduro/kitchinv/internal/vision/ollama/ollama.go:61.15,62.43 1 5
github.com/vbonduro/kitchinv/internal/vision/ollama/ollama.go:62.43,64.4 1 0
github.com/vbonduro/kitchinv/internal/vision/ollama/ollama.go:67.2,67.38 1 5
github.com/vbonduro/kitchinv/internal/vision/ollama/ollama.go:67.38,69.3 1 2
github.com/vbonduro/kitchinv/internal/vision/ollama/ollama.go:71.2,75.69 2 3
github.com/vbonduro/kitchinv/internal/vision/ollama/ollama.go:75.69,77.3 1 0
github.com/vbonduro/kitchinv/internal/vision/ollama/ollama.go:79.2,80.16 2 3
github.com/vbonduro/kitchinv/internal/vision/ollama/ollama.go:80.16,82.3 1 0
github.com/vbonduro/kitchinv/internal/vision/ollama/ollama.go:84.2,84.43 1 3
github.com/vbonduro/kitchinv/internal/vision/ollama/ollama.go:84.43,86.3 1 1
github.com/vbonduro/kitchinv/internal/vision/ollama/ollama.go:88.2,88.20 1 2
